#
# A fatal error has been detected by the Java Runtime Environment:
#
#  SIGSEGV (0xb) at pc=0x0000000101b387f4, pid=84862, tid=16643
#
# JRE version: Java(TM) SE Runtime Environment (7.0_79-b15) (build 1.7.0_79-b15)
# Java VM: Java HotSpot(TM) 64-Bit Server VM (24.79-b02 mixed mode bsd-amd64 compressed oops)
# Problematic frame:
# V  [libjvm.dylib+0x3387f4]
#
# Failed to write core dump. Core dumps have been disabled. To enable core dumping, try "ulimit -c unlimited" before starting Java again
#
# If you would like to submit a bug report, please visit:
#   http://bugreport.java.com/bugreport/crash.jsp
#

---------------  T H R E A D  ---------------

Current thread (0x00007f806900e800):  JavaThread "JDWP Transport Listener: dt_socket" daemon [_thread_in_vm, id=16643, stack(0x000000010afe9000,0x000000010b0e9000)]

siginfo:si_signo=SIGSEGV: si_errno=0, si_code=0 (SEGV0), si_addr=0x0000000000000000

Registers:
RAX=0x0000000000000001, RBX=0x000000010b0e8a8b, RCX=0x00000000000fc080, RDX=0x000000010b0e8a8b
RSP=0x000000010b0e89f0, RBP=0x000000010b0e8a40, RSI=0x00007f806900e800, RDI=0x00007f8068700c50
R8 =0x0000000000000000, R9 =0x00007f8068400000, R10=0x0000000000000010, R11=0x00007f8068400000
R12=0x00007f806900e800, R13=0x9000000000000000, R14=0x9000000000000000, R15=0x00007f8068700c50
RIP=0x0000000101b387f4, EFLAGS=0x0000000000010286, ERR=0x0000000000000000
  TRAPNO=0x000000000000000d

Top of Stack: (sp=0x000000010b0e89f0)
0x000000010b0e89f0:   00007f806900e800 0000000000000000
0x000000010b0e8a00:   0000000000000000 0000000000000000
0x000000010b0e8a10:   00007f806900e800 00007f806900e800
0x000000010b0e8a20:   000000010b0e8a8b 000000010b0e8a90
0x000000010b0e8a30:   9000000000000000 0000000000000005
0x000000010b0e8a40:   000000010b0e8a60 00000001022831a8
0x000000010b0e8a50:   0000000000000001 000000010b0e8b08
0x000000010b0e8a60:   000000010b0e8ad0 0000000102267fbb
0x000000010b0e8a70:   000000010b0e8aa0 00007f8068415240
0x000000010b0e8a80:   0000000600000032 0000000a000e8b08
0x000000010b0e8a90:   0000000000000000 0000000000000000
0x000000010b0e8aa0:   0000000000000000 000000010b0e8c90
0x000000010b0e8ab0:   000000010228adc2 00007f8068736870
0x000000010b0e8ac0:   000000010b0e8b08 0000000102296588
0x000000010b0e8ad0:   000000010b0e8ae0 00000001022680b4
0x000000010b0e8ae0:   000000010b0e8d00 0000000102271642
0x000000010b0e8af0:   00000d5b00000013 00000000000f0200
0x000000010b0e8b00:   00007f8068738190 000000010b0e8c7d
0x000000010b0e8b10:   00007f8000000007 000000010b0e8b20
0x000000010b0e8b20:   00007f8000000125 000000010b0e8b58
0x000000010b0e8b30:   0000000000000000 00007f0000000000
0x000000010b0e8b40:   00000d5b0000001c 00007fff00007f80
0x000000010b0e8b50:   000000010b0e8b58 807f000006000000
0x000000010b0e8b60:   1100000028304168 746f527466696873
0x000000010b0e8b70:   586b636142657461 4949282d00000059
0x000000010b0e8b80:   2f6176616a4c4949 746e492f676e616c
0x000000010b0e8b90:   616a4c3b72656765 2f676e616c2f6176
0x000000010b0e8ba0:   3b72656765746e49 0000000000005629
0x000000010b0e8bb0:   4168807f00000a00 616d040000001030
0x000000010b0e8bc0:   5b28160000006e69 616c2f6176616a4c
0x000000010b0e8bd0:   6e697274532f676e 0000000056293b67
0x000000010b0e8be0:   807f000009000000 0900000038326068 

Instructions: (pc=0x0000000101b387f4)
0x0000000101b387d4:   00 00 00 41 f6 87 68 01 00 00 10 75 07 b8 63 00
0x0000000101b387e4:   00 00 eb 7a 4d 85 f6 75 07 b8 17 00 00 00 eb 6e
0x0000000101b387f4:   4d 8b 36 48 b8 fe fe fe fe fe fe fe fe 49 39 c6
0x0000000101b38804:   74 e7 4d 85 f6 74 e2 48 8d 05 fe 6b 4d 00 80 38 

Register to memory mapping:

RAX=0x0000000000000001 is an unknown value
RBX=0x000000010b0e8a8b is pointing into the stack for thread: 0x00007f806900e800
RCX=0x00000000000fc080 is an unknown value
RDX=0x000000010b0e8a8b is pointing into the stack for thread: 0x00007f806900e800
RSP=0x000000010b0e89f0 is pointing into the stack for thread: 0x00007f806900e800
RBP=0x000000010b0e8a40 is pointing into the stack for thread: 0x00007f806900e800
RSI=0x00007f806900e800 is a thread
RDI=0x00007f8068700c50 is an unknown value
R8 =0x0000000000000000 is an unknown value
R9 =0x00007f8068400000 is an unknown value
R10=0x0000000000000010 is an unknown value
R11=0x00007f8068400000 is an unknown value
R12=0x00007f806900e800 is a thread
R13=0x9000000000000000 is an unknown value
R14=0x9000000000000000 is an unknown value
R15=0x00007f8068700c50 is an unknown value


Stack: [0x000000010afe9000,0x000000010b0e9000],  sp=0x000000010b0e89f0,  free space=1022k
Native frames: (J=compiled Java code, j=interpreted, Vv=VM code, C=native code)
V  [libjvm.dylib+0x3387f4]
C  [libjdwp.dylib+0x201a8]  isMethodSynthetic+0x63
C  [libjdwp.dylib+0x4fbb]  methods1+0x10b
C  [libjdwp.dylib+0x50b4]  methodsWithGeneric+0xe
C  [libjdwp.dylib+0xe642]  debugLoop_run+0x1ce
C  [libjdwp.dylib+0x1f0e2]  attachThread+0x4d
V  [libjvm.dylib+0x37945a]
V  [libjvm.dylib+0x4f759d]
V  [libjvm.dylib+0x4f8ca5]
V  [libjvm.dylib+0x421c4e]
C  [libsystem_pthread.dylib+0x3268]  _pthread_body+0x83
C  [libsystem_pthread.dylib+0x31e5]  _pthread_body+0x0
C  [libsystem_pthread.dylib+0x141d]  thread_start+0xd


---------------  P R O C E S S  ---------------

Java Threads: ( => current thread )
  0x00007f8069024800 JavaThread "Service Thread" daemon [_thread_blocked, id=19203, stack(0x000000010b4f8000,0x000000010b5f8000)]
  0x00007f8069023800 JavaThread "C2 CompilerThread1" daemon [_thread_blocked, id=18691, stack(0x000000010b3f5000,0x000000010b4f5000)]
  0x00007f8069020800 JavaThread "C2 CompilerThread0" daemon [_thread_blocked, id=18179, stack(0x000000010b2f2000,0x000000010b3f2000)]
  0x00007f8069021800 JavaThread "JDWP Command Reader" daemon [_thread_in_native, id=17667, stack(0x000000010b1ef000,0x000000010b2ef000)]
  0x00007f806901f800 JavaThread "JDWP Event Helper Thread" daemon [_thread_blocked, id=17155, stack(0x000000010b0ec000,0x000000010b1ec000)]
=>0x00007f806900e800 JavaThread "JDWP Transport Listener: dt_socket" daemon [_thread_in_vm, id=16643, stack(0x000000010afe9000,0x000000010b0e9000)]
  0x00007f806a036000 JavaThread "Signal Dispatcher" daemon [_thread_blocked, id=13331, stack(0x000000010aee0000,0x000000010afe0000)]
  0x00007f806a027800 JavaThread "Finalizer" daemon [_thread_blocked, id=11523, stack(0x00000001094b6000,0x00000001095b6000)]
  0x00007f8068832000 JavaThread "Reference Handler" daemon [_thread_blocked, id=11011, stack(0x00000001093b3000,0x00000001094b3000)]
  0x00007f806880b000 JavaThread "main" [_thread_in_native, id=4867, stack(0x0000000100eba000,0x0000000100fba000)]

Other Threads:
  0x00007f806a027000 VMThread [stack: 0x00000001092b0000,0x00000001093b0000] [id=10499]
  0x00007f806902d000 WatcherThread [stack: 0x000000010b5fb000,0x000000010b6fb000] [id=19715]

VM state:not at safepoint (normal execution)

VM Mutex/Monitor currently owned by a thread: None

Heap
 PSYoungGen      total 19456K, used 1690K [0x00000007eaa80000, 0x00000007ec000000, 0x0000000800000000)
  eden space 16896K, 10% used [0x00000007eaa80000,0x00000007eac26880,0x00000007ebb00000)
  from space 2560K, 0% used [0x00000007ebd80000,0x00000007ebd80000,0x00000007ec000000)
  to   space 2560K, 0% used [0x00000007ebb00000,0x00000007ebb00000,0x00000007ebd80000)
 ParOldGen       total 43520K, used 0K [0x00000007c0000000, 0x00000007c2a80000, 0x00000007eaa80000)
  object space 43520K, 0% used [0x00000007c0000000,0x00000007c0000000,0x00000007c2a80000)
 PSPermGen       total 21504K, used 3306K [0x00000007bae00000, 0x00000007bc300000, 0x00000007c0000000)
  object space 21504K, 15% used [0x00000007bae00000,0x00000007bb13a908,0x00000007bc300000)

Card table byte_map: [0x0000000105371000,0x000000010559b000] byte_map_base: 0x000000010159a000

Polling page: 0x0000000100ff9000

Code Cache  [0x00000001022b1000, 0x0000000102521000, 0x00000001052b1000)
 total_blobs=187 nmethods=3 adapters=147 free_code_cache=48762Kb largest_free_block=49912576

Compilation events (6 events):
Event: 0.143 Thread 0x00007f8069020800    1             java.lang.String::hashCode (55 bytes)
Event: 0.149 Thread 0x00007f8069023800    2             java.lang.String::indexOf (70 bytes)
Event: 0.152 Thread 0x00007f8069020800 nmethod 1 0x0000000102310990 code [0x0000000102310ae0, 0x0000000102310c98]
Event: 0.153 Thread 0x00007f8069023800 nmethod 2 0x0000000102310550 code [0x00000001023106a0, 0x0000000102310888]
Event: 0.179 Thread 0x00007f8069020800    3             sun.nio.cs.UTF_8$Encoder::encode (361 bytes)
Event: 0.191 Thread 0x00007f8069020800 nmethod 3 0x0000000102310d50 code [0x0000000102310ee0, 0x00000001023115c8]

GC Heap History (0 events):
No events

Deoptimization events (0 events):
No events

Internal exceptions (10 events):
Event: 0.152 Thread 0x00007f806880b000 Threw 0x00000007eabbb660 at /HUDSON/workspace/7u-2-build-macosx-x86_64/jdk7u79/2331/hotspot/src/share/vm/prims/jvm.cpp:1304
Event: 0.152 Thread 0x00007f806880b000 Threw 0x00000007eabbb788 at /HUDSON/workspace/7u-2-build-macosx-x86_64/jdk7u79/2331/hotspot/src/share/vm/prims/jvm.cpp:1304
Event: 0.155 Thread 0x00007f806880b000 Threw 0x00000007eabccf68 at /HUDSON/workspace/7u-2-build-macosx-x86_64/jdk7u79/2331/hotspot/src/share/vm/prims/jni.cpp:717
Event: 0.155 Thread 0x00007f806880b000 Threw 0x00000007eabcd088 at /HUDSON/workspace/7u-2-build-macosx-x86_64/jdk7u79/2331/hotspot/src/share/vm/prims/jvm.cpp:1304
Event: 0.155 Thread 0x00007f806880b000 Threw 0x00000007eabcd1b0 at /HUDSON/workspace/7u-2-build-macosx-x86_64/jdk7u79/2331/hotspot/src/share/vm/prims/jvm.cpp:1304
Event: 0.155 Thread 0x00007f806880b000 Threw 0x00000007eabcd400 at /HUDSON/workspace/7u-2-build-macosx-x86_64/jdk7u79/2331/hotspot/src/share/vm/prims/jvm.cpp:1304
Event: 0.178 Thread 0x00007f806880b000 Threw 0x00000007eabf1108 at /HUDSON/workspace/7u-2-build-macosx-x86_64/jdk7u79/2331/hotspot/src/share/vm/prims/jvm.cpp:1304
Event: 0.178 Thread 0x00007f806880b000 Threw 0x00000007eabf1230 at /HUDSON/workspace/7u-2-build-macosx-x86_64/jdk7u79/2331/hotspot/src/share/vm/prims/jvm.cpp:1304
Event: 0.178 Thread 0x00007f806880b000 Threw 0x00000007eabf4300 at /HUDSON/workspace/7u-2-build-macosx-x86_64/jdk7u79/2331/hotspot/src/share/vm/prims/jvm.cpp:1304
Event: 0.178 Thread 0x00007f806880b000 Threw 0x00000007eabf4428 at /HUDSON/workspace/7u-2-build-macosx-x86_64/jdk7u79/2331/hotspot/src/share/vm/prims/jvm.cpp:1304

Events (10 events):
Event: 29791.172 Executing VM operation: ChangeBreakpoints
Event: 29791.172 Executing VM operation: ChangeBreakpoints done
Event: 29792.858 Executing VM operation: ChangeBreakpoints
Event: 29792.858 Executing VM operation: ChangeBreakpoints done
Event: 29793.884 Executing VM operation: ChangeBreakpoints
Event: 29793.884 Executing VM operation: ChangeBreakpoints done
Event: 29794.770 Executing VM operation: ChangeBreakpoints
Event: 29794.770 Executing VM operation: ChangeBreakpoints done
Event: 31787.896 Executing VM operation: RedefineClasses
Event: 31787.897 Executing VM operation: RedefineClasses done


Dynamic libraries:
0x0000000002c1c000 	/System/Library/Frameworks/Cocoa.framework/Versions/A/Cocoa
0x0000000002c1c000 	/System/Library/Frameworks/Security.framework/Versions/A/Security
0x0000000002c1c000 	/System/Library/Frameworks/ApplicationServices.framework/Versions/A/ApplicationServices
0x0000000002c1c000 	/usr/lib/libz.1.dylib
0x0000000002c1c000 	/usr/lib/libSystem.B.dylib
0x0000000002c1c000 	/usr/lib/libobjc.A.dylib
0x0000000002c1c000 	/System/Library/Frameworks/CoreFoundation.framework/Versions/A/CoreFoundation
0x0000000002c1c000 	/System/Library/Frameworks/Foundation.framework/Versions/C/Foundation
0x0000000002c1c000 	/System/Library/Frameworks/AppKit.framework/Versions/C/AppKit
0x0000000002c1c000 	/System/Library/Frameworks/CoreData.framework/Versions/A/CoreData
0x0000000002c1c000 	/System/Library/PrivateFrameworks/RemoteViewServices.framework/Versions/A/RemoteViewServices
0x0000000002c1c000 	/System/Library/PrivateFrameworks/UIFoundation.framework/Versions/A/UIFoundation
0x0000000002c1c000 	/System/Library/Frameworks/IOSurface.framework/Versions/A/IOSurface
0x0000000002c1c000 	/System/Library/Frameworks/AudioToolbox.framework/Versions/A/AudioToolbox
0x0000000002c1c000 	/System/Library/Frameworks/AudioUnit.framework/Versions/A/AudioUnit
0x0000000002c1c000 	/System/Library/PrivateFrameworks/DataDetectorsCore.framework/Versions/A/DataDetectorsCore
0x0000000002c1c000 	/System/Library/PrivateFrameworks/DesktopServicesPriv.framework/Versions/A/DesktopServicesPriv
0x0000000002c1c000 	/System/Library/Frameworks/Carbon.framework/Versions/A/Frameworks/HIToolbox.framework/Versions/A/HIToolbox
0x0000000002c1c000 	/System/Library/Frameworks/QuartzCore.framework/Versions/A/QuartzCore
0x0000000002c1c000 	/System/Library/Frameworks/Carbon.framework/Versions/A/Frameworks/SpeechRecognition.framework/Versions/A/SpeechRecognition
0x0000000002c1c000 	/usr/lib/libauto.dylib
0x0000000002c1c000 	/usr/lib/libicucore.A.dylib
0x0000000002c1c000 	/usr/lib/libxml2.2.dylib
0x0000000002c1c000 	/System/Library/PrivateFrameworks/CoreUI.framework/Versions/A/CoreUI
0x0000000002c1c000 	/System/Library/Frameworks/CoreAudio.framework/Versions/A/CoreAudio
0x0000000002c1c000 	/System/Library/Frameworks/DiskArbitration.framework/Versions/A/DiskArbitration
0x0000000002c1c000 	/usr/lib/liblangid.dylib
0x0000000002c1c000 	/System/Library/PrivateFrameworks/MultitouchSupport.framework/Versions/A/MultitouchSupport
0x0000000002c1c000 	/System/Library/Frameworks/IOKit.framework/Versions/A/IOKit
0x0000000002c1c000 	/usr/lib/libDiagnosticMessagesClient.dylib
0x0000000002c1c000 	/System/Library/Frameworks/CoreServices.framework/Versions/A/CoreServices
0x0000000002c1c000 	/System/Library/PrivateFrameworks/PerformanceAnalysis.framework/Versions/A/PerformanceAnalysis
0x0000000002c1c000 	/System/Library/PrivateFrameworks/GenerationalStorage.framework/Versions/A/GenerationalStorage
0x0000000002c1c000 	/System/Library/Frameworks/OpenGL.framework/Versions/A/OpenGL
0x0000000002c1c000 	/System/Library/PrivateFrameworks/Sharing.framework/Versions/A/Sharing
0x0000000002c1c000 	/System/Library/Frameworks/CoreGraphics.framework/Versions/A/CoreGraphics
0x0000000002c1c000 	/System/Library/Frameworks/CoreText.framework/Versions/A/CoreText
0x0000000002c1c000 	/System/Library/Frameworks/ImageIO.framework/Versions/A/ImageIO
0x0000000002c1c000 	/usr/lib/libextension.dylib
0x0000000002c1c000 	/System/Library/PrivateFrameworks/Backup.framework/Versions/A/Backup
0x0000000002c1c000 	/usr/lib/libarchive.2.dylib
0x0000000002c1c000 	/System/Library/Frameworks/CFNetwork.framework/Versions/A/CFNetwork
0x0000000002c1c000 	/System/Library/Frameworks/SystemConfiguration.framework/Versions/A/SystemConfiguration
0x0000000002c1c000 	/usr/lib/libCRFSuite.dylib
0x0000000002c1c000 	/usr/lib/libc++.1.dylib
0x0000000002c1c000 	/usr/lib/libc++abi.dylib
0x0000000002c1c000 	/usr/lib/system/libcache.dylib
0x0000000002c1c000 	/usr/lib/system/libcommonCrypto.dylib
0x0000000002c1c000 	/usr/lib/system/libcompiler_rt.dylib
0x0000000002c1c000 	/usr/lib/system/libcopyfile.dylib
0x0000000002c1c000 	/usr/lib/system/libcorecrypto.dylib
0x0000000002c1c000 	/usr/lib/system/libdispatch.dylib
0x0000000002c1c000 	/usr/lib/system/libdyld.dylib
0x0000000002c1c000 	/usr/lib/system/libkeymgr.dylib
0x0000000002c1c000 	/usr/lib/system/liblaunch.dylib
0x0000000002c1c000 	/usr/lib/system/libmacho.dylib
0x0000000002c1c000 	/usr/lib/system/libquarantine.dylib
0x0000000002c1c000 	/usr/lib/system/libremovefile.dylib
0x0000000002c1c000 	/usr/lib/system/libsystem_asl.dylib
0x0000000002c1c000 	/usr/lib/system/libsystem_blocks.dylib
0x0000000002c1c000 	/usr/lib/system/libsystem_c.dylib
0x0000000002c1c000 	/usr/lib/system/libsystem_configuration.dylib
0x0000000002c1c000 	/usr/lib/system/libsystem_coreservices.dylib
0x0000000002c1c000 	/usr/lib/system/libsystem_coretls.dylib
0x0000000002c1c000 	/usr/lib/system/libsystem_dnssd.dylib
0x0000000002c1c000 	/usr/lib/system/libsystem_info.dylib
0x0000000002c1c000 	/usr/lib/system/libsystem_kernel.dylib
0x0000000002c1c000 	/usr/lib/system/libsystem_m.dylib
0x0000000002c1c000 	/usr/lib/system/libsystem_malloc.dylib
0x0000000002c1c000 	/usr/lib/system/libsystem_network.dylib
0x0000000002c1c000 	/usr/lib/system/libsystem_networkextension.dylib
0x0000000002c1c000 	/usr/lib/system/libsystem_notify.dylib
0x0000000002c1c000 	/usr/lib/system/libsystem_platform.dylib
0x0000000002c1c000 	/usr/lib/system/libsystem_pthread.dylib
0x0000000002c1c000 	/usr/lib/system/libsystem_sandbox.dylib
0x0000000002c1c000 	/usr/lib/system/libsystem_secinit.dylib
0x0000000002c1c000 	/usr/lib/system/libsystem_stats.dylib
0x0000000002c1c000 	/usr/lib/system/libsystem_trace.dylib
0x0000000002c1c000 	/usr/lib/system/libunc.dylib
0x0000000002c1c000 	/usr/lib/system/libunwind.dylib
0x0000000002c1c000 	/usr/lib/system/libxpc.dylib
0x0000000002c1c000 	/usr/lib/libbz2.1.0.dylib
0x0000000002c1c000 	/usr/lib/liblzma.5.dylib
0x0000000002c1c000 	/usr/lib/libbsm.0.dylib
0x0000000002c1c000 	/usr/lib/libsqlite3.dylib
0x0000000002c1c000 	/usr/lib/system/libkxld.dylib
0x0000000002c1c000 	/usr/lib/libxar.1.dylib
0x0000000002c1c000 	/usr/lib/libpam.2.dylib
0x0000000002c1c000 	/usr/lib/libOpenScriptingUtil.dylib
0x0000000002c1c000 	/System/Library/Frameworks/CoreServices.framework/Versions/A/Frameworks/FSEvents.framework/Versions/A/FSEvents
0x0000000002c1c000 	/System/Library/Frameworks/CoreServices.framework/Versions/A/Frameworks/CarbonCore.framework/Versions/A/CarbonCore
0x0000000002c1c000 	/System/Library/Frameworks/CoreServices.framework/Versions/A/Frameworks/Metadata.framework/Versions/A/Metadata
0x0000000002c1c000 	/System/Library/Frameworks/CoreServices.framework/Versions/A/Frameworks/OSServices.framework/Versions/A/OSServices
0x0000000002c1c000 	/System/Library/Frameworks/CoreServices.framework/Versions/A/Frameworks/SearchKit.framework/Versions/A/SearchKit
0x0000000002c1c000 	/System/Library/Frameworks/CoreServices.framework/Versions/A/Frameworks/AE.framework/Versions/A/AE
0x0000000002c1c000 	/System/Library/Frameworks/CoreServices.framework/Versions/A/Frameworks/LaunchServices.framework/Versions/A/LaunchServices
0x0000000002c1c000 	/System/Library/Frameworks/CoreServices.framework/Versions/A/Frameworks/DictionaryServices.framework/Versions/A/DictionaryServices
0x0000000002c1c000 	/System/Library/Frameworks/NetFS.framework/Versions/A/NetFS
0x0000000002c1c000 	/System/Library/PrivateFrameworks/NetAuth.framework/Versions/A/NetAuth
0x0000000002c1c000 	/System/Library/PrivateFrameworks/login.framework/Versions/A/Frameworks/loginsupport.framework/Versions/A/loginsupport
0x0000000002c1c000 	/System/Library/PrivateFrameworks/TCC.framework/Versions/A/TCC
0x0000000002c1c000 	/usr/lib/libmecabra.dylib
0x0000000002c1c000 	/System/Library/Frameworks/ApplicationServices.framework/Versions/A/Frameworks/ATS.framework/Versions/A/ATS
0x0000000002c1c000 	/System/Library/Frameworks/ApplicationServices.framework/Versions/A/Frameworks/ColorSync.framework/Versions/A/ColorSync
0x0000000002c1c000 	/System/Library/Frameworks/ApplicationServices.framework/Versions/A/Frameworks/HIServices.framework/Versions/A/HIServices
0x0000000002c1c000 	/System/Library/Frameworks/ApplicationServices.framework/Versions/A/Frameworks/LangAnalysis.framework/Versions/A/LangAnalysis
0x0000000002c1c000 	/System/Library/Frameworks/ApplicationServices.framework/Versions/A/Frameworks/PrintCore.framework/Versions/A/PrintCore
0x0000000002c1c000 	/System/Library/Frameworks/ApplicationServices.framework/Versions/A/Frameworks/QD.framework/Versions/A/QD
0x0000000002c1c000 	/System/Library/Frameworks/ApplicationServices.framework/Versions/A/Frameworks/SpeechSynthesis.framework/Versions/A/SpeechSynthesis
0x0000000002c1c000 	/System/Library/Frameworks/Accelerate.framework/Versions/A/Accelerate
0x0000000002c1c000 	/System/Library/Frameworks/Accelerate.framework/Versions/A/Frameworks/vImage.framework/Versions/A/vImage
0x0000000002c1c000 	/System/Library/Frameworks/Accelerate.framework/Versions/A/Frameworks/vecLib.framework/Versions/A/vecLib
0x0000000002c1c000 	/System/Library/Frameworks/Accelerate.framework/Versions/A/Frameworks/vecLib.framework/Versions/A/libvDSP.dylib
0x0000000002c1c000 	/System/Library/Frameworks/Accelerate.framework/Versions/A/Frameworks/vecLib.framework/Versions/A/libvMisc.dylib
0x0000000002c1c000 	/System/Library/Frameworks/Accelerate.framework/Versions/A/Frameworks/vecLib.framework/Versions/A/libLAPACK.dylib
0x0000000002c1c000 	/System/Library/Frameworks/Accelerate.framework/Versions/A/Frameworks/vecLib.framework/Versions/A/libBLAS.dylib
0x0000000002c1c000 	/System/Library/Frameworks/Accelerate.framework/Versions/A/Frameworks/vecLib.framework/Versions/A/libLinearAlgebra.dylib
0x0000000002c1c000 	/System/Library/Frameworks/ApplicationServices.framework/Versions/A/Frameworks/ATS.framework/Versions/A/Resources/libFontParser.dylib
0x0000000002c1c000 	/System/Library/Frameworks/ApplicationServices.framework/Versions/A/Frameworks/ATS.framework/Versions/A/Resources/libFontRegistry.dylib
0x0000000002c1c000 	/System/Library/PrivateFrameworks/AppleVPA.framework/Versions/A/AppleVPA
0x0000000002c1c000 	/System/Library/PrivateFrameworks/AppleJPEG.framework/Versions/A/AppleJPEG
0x0000000002c1c000 	/System/Library/Frameworks/ImageIO.framework/Versions/A/Resources/libJPEG.dylib
0x0000000002c1c000 	/System/Library/Frameworks/ImageIO.framework/Versions/A/Resources/libTIFF.dylib
0x0000000002c1c000 	/System/Library/Frameworks/ImageIO.framework/Versions/A/Resources/libPng.dylib
0x0000000002c1c000 	/System/Library/Frameworks/ImageIO.framework/Versions/A/Resources/libGIF.dylib
0x0000000002c1c000 	/System/Library/Frameworks/ImageIO.framework/Versions/A/Resources/libJP2.dylib
0x0000000002c1c000 	/System/Library/Frameworks/ImageIO.framework/Versions/A/Resources/libRadiance.dylib
0x0000000002c1c000 	/System/Library/Frameworks/CoreVideo.framework/Versions/A/CoreVideo
0x0000000002c1c000 	/System/Library/Frameworks/OpenGL.framework/Versions/A/Libraries/libGLU.dylib
0x0000000002c1c000 	/System/Library/Frameworks/OpenGL.framework/Versions/A/Libraries/libGFXShared.dylib
0x0000000002c1c000 	/System/Library/Frameworks/OpenGL.framework/Versions/A/Libraries/libGL.dylib
0x0000000002c1c000 	/System/Library/Frameworks/OpenGL.framework/Versions/A/Libraries/libGLImage.dylib
0x0000000002c1c000 	/System/Library/Frameworks/OpenGL.framework/Versions/A/Libraries/libCVMSPluginSupport.dylib
0x0000000002c1c000 	/System/Library/Frameworks/OpenGL.framework/Versions/A/Libraries/libCoreVMClient.dylib
0x0000000002c1c000 	/usr/lib/libcups.2.dylib
0x0000000002c1c000 	/System/Library/Frameworks/Kerberos.framework/Versions/A/Kerberos
0x0000000002c1c000 	/System/Library/Frameworks/GSS.framework/Versions/A/GSS
0x0000000002c1c000 	/usr/lib/libresolv.9.dylib
0x0000000002c1c000 	/usr/lib/libiconv.2.dylib
0x0000000002c1c000 	/System/Library/PrivateFrameworks/Heimdal.framework/Versions/A/Heimdal
0x0000000002c1c000 	/usr/lib/libheimdal-asn1.dylib
0x0000000002c1c000 	/System/Library/Frameworks/OpenDirectory.framework/Versions/A/OpenDirectory
0x0000000002c1c000 	/System/Library/PrivateFrameworks/CommonAuth.framework/Versions/A/CommonAuth
0x0000000002c1c000 	/System/Library/Frameworks/OpenDirectory.framework/Versions/A/Frameworks/CFOpenDirectory.framework/Versions/A/CFOpenDirectory
0x0000000002c1c000 	/System/Library/Frameworks/SecurityFoundation.framework/Versions/A/SecurityFoundation
0x0000000002c1c000 	/System/Library/PrivateFrameworks/LanguageModeling.framework/Versions/A/LanguageModeling
0x0000000002c1c000 	/usr/lib/libcmph.dylib
0x0000000002c1c000 	/System/Library/Frameworks/ServiceManagement.framework/Versions/A/ServiceManagement
0x0000000002c1c000 	/usr/lib/libxslt.1.dylib
0x0000000002c1c000 	/System/Library/Frameworks/Carbon.framework/Versions/A/Frameworks/Ink.framework/Versions/A/Ink
0x0000000002c1c000 	/System/Library/Frameworks/QuartzCore.framework/Versions/A/Frameworks/CoreImage.framework/Versions/A/CoreImage
0x0000000002c1c000 	/System/Library/PrivateFrameworks/CrashReporterSupport.framework/Versions/A/CrashReporterSupport
0x0000000002c1c000 	/System/Library/Frameworks/OpenCL.framework/Versions/A/OpenCL
0x0000000002c1c000 	/System/Library/PrivateFrameworks/FaceCore.framework/Versions/A/FaceCore
0x0000000002c1c000 	/System/Library/PrivateFrameworks/Ubiquity.framework/Versions/A/Ubiquity
0x0000000002c1c000 	/System/Library/PrivateFrameworks/IconServices.framework/Versions/A/IconServices
0x0000000002c1c000 	/System/Library/PrivateFrameworks/ChunkingLibrary.framework/Versions/A/ChunkingLibrary
0x0000000002c1c000 	/System/Library/PrivateFrameworks/Apple80211.framework/Versions/A/Apple80211
0x0000000002c1c000 	/System/Library/Frameworks/CoreWLAN.framework/Versions/A/CoreWLAN
0x0000000002c1c000 	/System/Library/Frameworks/IOBluetooth.framework/Versions/A/IOBluetooth
0x0000000002c1c000 	/System/Library/PrivateFrameworks/CoreWiFi.framework/Versions/A/CoreWiFi
0x0000000002c1c000 	/System/Library/Frameworks/CoreBluetooth.framework/Versions/A/CoreBluetooth
0x0000000002c1c000 	/System/Library/PrivateFrameworks/DebugSymbols.framework/Versions/A/DebugSymbols
0x0000000002c1c000 	/System/Library/PrivateFrameworks/CoreSymbolication.framework/Versions/A/CoreSymbolication
0x0000000002c1c000 	/System/Library/PrivateFrameworks/Symbolication.framework/Versions/A/Symbolication
0x0000000002c1c000 	/System/Library/PrivateFrameworks/SpeechRecognitionCore.framework/Versions/A/SpeechRecognitionCore
0x0000000101800000 	/Library/Java/JavaVirtualMachines/jdk1.7.0_79.jdk/Contents/Home/jre/lib/server/libjvm.dylib
0x0000000002c1c000 	/usr/lib/libstdc++.6.dylib
0x0000000100fbc000 	/Library/Java/JavaVirtualMachines/jdk1.7.0_79.jdk/Contents/Home/jre/lib/libverify.dylib
0x0000000100fc9000 	/Library/Java/JavaVirtualMachines/jdk1.7.0_79.jdk/Contents/Home/jre/lib/libjava.dylib
0x0000000102263000 	/Library/Java/JavaVirtualMachines/jdk1.7.0_79.jdk/Contents/Home/jre/lib/libjdwp.dylib
0x0000000100ffa000 	/Library/Java/JavaVirtualMachines/jdk1.7.0_79.jdk/Contents/Home/jre/lib/libnpt.dylib
0x00000001022a8000 	/Library/Java/JavaVirtualMachines/jdk1.7.0_79.jdk/Contents/Home/jre/lib/libzip.dylib
0x00000001095b8000 	/System/Library/Frameworks/JavaVM.framework/Frameworks/JavaRuntimeSupport.framework/JavaRuntimeSupport
0x00000001095d0000 	/System/Library/Frameworks/JavaVM.framework/Versions/A/Frameworks/JavaNativeFoundation.framework/Versions/A/JavaNativeFoundation
0x00000001095e5000 	/System/Library/Frameworks/JavaVM.framework/Versions/A/JavaVM
0x0000000002c1c000 	/System/Library/Frameworks/Carbon.framework/Versions/A/Carbon
0x00000001095f2000 	/System/Library/PrivateFrameworks/JavaLaunching.framework/Versions/A/JavaLaunching
0x0000000002c1c000 	/System/Library/Frameworks/Carbon.framework/Versions/A/Frameworks/CommonPanels.framework/Versions/A/CommonPanels
0x0000000002c1c000 	/System/Library/Frameworks/Carbon.framework/Versions/A/Frameworks/Help.framework/Versions/A/Help
0x0000000002c1c000 	/System/Library/Frameworks/Carbon.framework/Versions/A/Frameworks/ImageCapture.framework/Versions/A/ImageCapture
0x0000000002c1c000 	/System/Library/Frameworks/Carbon.framework/Versions/A/Frameworks/OpenScripting.framework/Versions/A/OpenScripting
0x0000000002c1c000 	/System/Library/Frameworks/Carbon.framework/Versions/A/Frameworks/Print.framework/Versions/A/Print
0x0000000002c1c000 	/System/Library/Frameworks/Carbon.framework/Versions/A/Frameworks/SecurityHI.framework/Versions/A/SecurityHI
0x000000010afe2000 	/Library/Java/JavaVirtualMachines/jdk1.7.0_79.jdk/Contents/Home/jre/lib/libdt_socket.dylib

VM Arguments:
jvm_args: -agentlib:jdwp=transport=dt_socket,suspend=y,address=localhost:53668 -Dfile.encoding=UTF-8 
java_command: AirBnb.MapMaze
Launcher Type: SUN_STANDARD

Environment Variables:
PATH=/usr/bin:/bin:/usr/sbin:/sbin
SHELL=/bin/bash

Signal Handlers:
SIGSEGV: [libjvm.dylib+0x52daf1], sa_mask[0]=0xfffefeff, sa_flags=0x00000043
SIGBUS: [libjvm.dylib+0x52daf1], sa_mask[0]=0xfffefeff, sa_flags=0x00000042
SIGFPE: [libjvm.dylib+0x41f34e], sa_mask[0]=0xfffefeff, sa_flags=0x00000042
SIGPIPE: [libjvm.dylib+0x41f34e], sa_mask[0]=0xfffefeff, sa_flags=0x00000042
SIGXFSZ: [libjvm.dylib+0x41f34e], sa_mask[0]=0xfffefeff, sa_flags=0x00000042
SIGILL: [libjvm.dylib+0x41f34e], sa_mask[0]=0xfffefeff, sa_flags=0x00000042
SIGUSR1: SIG_DFL, sa_mask[0]=0x00000000, sa_flags=0x00000000
SIGUSR2: [libjvm.dylib+0x41ee40], sa_mask[0]=0x00000004, sa_flags=0x00000042
SIGHUP: [libjvm.dylib+0x41d0d1], sa_mask[0]=0xfffefeff, sa_flags=0x00000042
SIGINT: [libjvm.dylib+0x41d0d1], sa_mask[0]=0xfffefeff, sa_flags=0x00000042
SIGTERM: [libjvm.dylib+0x41d0d1], sa_mask[0]=0xfffefeff, sa_flags=0x00000042
SIGQUIT: [libjvm.dylib+0x41d0d1], sa_mask[0]=0xfffefeff, sa_flags=0x00000042


---------------  S Y S T E M  ---------------

OS:Bsduname:Darwin 14.3.0 Darwin Kernel Version 14.3.0: Mon Mar 23 11:59:05 PDT 2015; root:xnu-2782.20.48~5/RELEASE_X86_64 x86_64
rlimit: STACK 8192k, CORE 0k, NPROC 709, NOFILE 10240, AS infinity
load average:1.22 1.45 1.57

CPU:total 4 (2 cores per cpu, 2 threads per core) family 6 model 58 stepping 9, cmov, cx8, fxsr, mmx, sse, sse2, sse3, ssse3, sse4.1, sse4.2, popcnt, avx, aes, erms, ht, tsc, tscinvbit, tscinv

Memory: 4k page, physical 4194304k(1048576k free)

/proc/meminfo:


vm_info: Java HotSpot(TM) 64-Bit Server VM (24.79-b02) for bsd-amd64 JRE (1.7.0_79-b15), built on Apr 10 2015 11:35:04 by "java_re" with gcc 4.2.1 (Based on Apple Inc. build 5658) (LLVM build 2336.11.00)

time: Fri Jul 17 07:40:29 2015
elapsed time: 31787 seconds

